proc_1                                                                                                                  PAGE 1
                         1     org 0
                         2
                         3     ;
                         4     ;       INIT
                         5     ;
0000 7800                6     zac:    mov     r0,#0 ;sekundy
0002 7900                7             mov     r1,#0 ;minuty
0004 7A00                8             mov     r2,#0 ;hodiny
0006 7B00                9             mov     r3,#0 ;min budiku
0008 7C00               10             mov     r4,#0 ;hodin budiku
                        11
000A 1200FA             12             call    zobraz
000D 02011A             13             jmp     klavesnice
                        14
                        15     start:
0010 E590               16             mov     a,p1    ;klavesnice
0012 F4                 17             cpl     a       ;negace p1 v acc
0013 B40203             18             cjne    a,#2,start_1
0016 0200DB             19             jmp     zobrat_min_sek
                        20
                        21     start_1:
0019 1200FA             22             call    zobraz  ;zobrazime hodiny
                        23             ; na konci podprogramu zobraz skaceme na start_2
                        24
                        25     start_bud_1:
001C B40503             26             cjne    a,#5,start_bud_2
001F 1200FA             27             call    zobraz
                        28
                        29     start_bud_2:
0022 B40579             30             cjne    a,#5,zobraz_budik
0025 0200BD             31             jmp     zobraz_budik_pr
                        32
                        33     start_2:
0028 020042             34             jmp     vypocet
002B 12013D             35             call    zp      ;zpomalime
                        36             ;sekundy
002E 08                 37             inc     r0      ;sekundy + 1
002F B83CDE             38             cjne    r0,#60,start
0032 7800               39             mov     r0,#0
                        40             ;minuty
0034 09                 41             inc     r1
0035 B93CD8             42             cjne    r1,#60,start
0038 7900               43             mov     r1,#0
                        44             ;hodiny
003A 0A                 45             inc     r2
003B BA18D2             46             cjne    r2,#24,start
003E 7A00               47             mov     r2,#0
                        48
0040 80CE               49             jmp     start
                        50
                        51     vypocet:
                        52             ;hodiny
0042 EA                 53             mov     a,r2    ;hodiny
0043 8CF0               54             mov     b,r4    ;hodiny budiku
                        55
0045 C2D7               56             clr     cy      ;vynulovani cy
0047 95F0               57             subb    a,b     ;a-b-cy
0049 70DD               58             jnz     start_2
                        59
                        60             ;minuty
004B E9                 61             mov     a,r1    ;min
004C 8BF0               62             mov     b,r3    ;minuty budiku
004E C2D7               63             clr     cy      ;vynulovani cy
0050 95F0               64             subb    a,b     ;a-b-c
0052 7000               65             jnz     blikani
                        66
                        67     blikani:
0054 3093B9             68             jnb     p1.3,start      ; bit 3 = kl 8
0057 75B03F             69             mov     p3,#00111111b
005A 75B02F             70             mov     p3,#00101111b
005D 75B01F             71             mov     p3,#00011111b
0060 75B00F             72             mov     p3,#00001111b
0063 12013D             73             call    zp
0066 1200FA             74             call    zobraz
0069 12013D             75             call    zp
006C 80E6               76             jmp     blikani
                        77     ;
                        78     ;       NASTAVENI
                        79     ;
                        80     nastav_minut:
006E 09                 81             inc     r1
006F 1200FA             82             call    zobraz
0072 B93B02             83             cjne    r1,#59,nas_1
0075 79FF               84             mov     r1,#255
0077 02011A             85     nas_1:  jmp     klavesnice
                        86
                        87     nastav_hodin:
007A 0A                 88             inc     r2
007B 1200FA             89             call    zobraz
007E BA1702             90             cjne    r2,#23,nas_2
0081 7AFF               91             mov     r2,#255
0083 02011A             92     nas_2:  jmp     klavesnice
                        93
                        94     nastav_min_budiku:
0086 0B                 95             inc     r3
0087 12009E             96             call    zobraz_budik
008A BB3B02             97             cjne    r3,#59,nas_3
008D 7BFF               98             mov     r3,#255
008F 02011A             99     nas_3:  jmp     klavesnice
                       100
                       101     nastav_hod_budiku:
0092 0C                102             inc     r4
0093 12009E            103             call    zobraz_budik
0096 BC1702            104             cjne    r4,#23,nas_4
0099 7CFF              105             mov     r4,#255
009B 02011A            106     nas_4:  jmp     klavesnice
                       107
                       108     ;
                       109     ;       ZOBRAZENI
                       110     ;
                       111     zobraz_budik:
                       112             ; r4 - hodiny budiku
009E EC                113             mov     a,r4
009F E5F0              114             mov     a,b
00A1 4430              115             orl     a,#00110000b
00A3 F5B0              116             mov     p3,a
                       117
00A5 F5B0              118             mov     p3,a
00A7 E5F0              119             mov     a,b
00A9 4420              120             orl     a,#00100000b
00AB F5B0              121             mov     p3,a
                       122
                       123             ; r3 - minuty budiku
00AD EB                124             mov     a,r3
00AE 75F00A            125             mov     b,#10
00B1 84                126             div     ab
00B2 4410              127             orl     a,#00010000b
00B4 F5B0              128             mov     p3,a
00B6 E5F0              129             mov     a,b
00B8 4400              130             orl     a,#00000000b
00BA F5B0              131             mov     p3,a
00BC 22                132             ret
                       133
                       134     zobraz_budik_pr:
                       135             ; r4 - hodiny budiku
00BD EC                136             mov     a,r4
00BE E5F0              137             mov     a,b
00C0 4430              138             orl     a,#00110000b
00C2 F5B0              139             mov     p3,a
                       140
00C4 F5B0              141             mov     p3,a
00C6 E5F0              142             mov     a,b
00C8 4420              143             orl     a,#00100000b
00CA F5B0              144             mov     p3,a
                       145
                       146             ; r3 - minuty budiku
00CC E9                147             mov     a,r1
00CD 75F00A            148             mov     b,#10
00D0 84                149             div     ab
00D1 4410              150             orl     a,#00010000b
00D3 F5B0              151             mov     p3,a
00D5 E5F0              152             mov     a,b
00D7 4400              153             orl     a,#00000000b
00D9 F5B0              154             mov     p3,a
                       155
                       156     zobrat_min_sek:
                       157             ; r1 - minuty
00DB E9                158             mov     a,r1
00DC E5F0              159             mov     a,b
00DE 4430              160             orl     a,#00110000b
00E0 F5B0              161             mov     p3,a
00E2 F5B0              162             mov     p3,a
00E4 E5F0              163             mov     a,b
00E6 4420              164             orl     a,#00100000b
00E8 F5B0              165             mov     p3,a
                       166
                       167             ; r0 - sekundy
00EA E8                168             mov     a,r0
00EB 75F00A            169             mov     b,#10
00EE 84                170             div     ab
00EF 4410              171             orl     a,#00010000b
00F1 F5B0              172             mov     p3,a
00F3 E5F0              173             mov     a,b
00F5 4400              174             orl     a,#00000000b
00F7 F5B0              175             mov     p3,a
00F9 22                176             ret
                       177
                       178     zobraz:
                       179             ; r2 - hodiny
00FA EA                180             mov     a,r2
00FB E5F0              181             mov     a,b
00FD 4430              182             orl     a,#00110000b
00FF F5B0              183             mov     p3,a
                       184
0101 F5B0              185             mov     p3,a
0103 E5F0              186             mov     a,b
0105 4420              187             orl     a,#00100000b
0107 F5B0              188             mov     p3,a
                       189
                       190             ; r1 - minuty
0109 E9                191             mov     a,r1
010A 75F00A            192             mov     b,#10
010D 84                193             div     ab
010E 4410              194             orl     a,#00010000b
0110 F5B0              195             mov     p3,a
0112 E5F0              196             mov     a,b
0114 4400              197             orl     a,#00000000b
0116 F5B0              198             mov     p3,a
0118 0128              199             jmp     start_2
                       200
                       201     ;
                       202     ;       KLAVESNICE
                       203     ;
                       204     klavesnice:
                       205             ;jnb    p1.0,nastav_minut
                       206             ;jnb    p1.2,nastav_hodin
                       207             ;jmp    klavesnice
                       208             ;nastav_min_budiku
                       209             ;nastav_hod_budiku
                       210             ;nulovani
                       211             ;start hod
011A E590              212             mov     a,p1 ;prectu klavesnice v portu p1
011C F4                213             cpl     a    ;negace acc
011D B40102            214             cjne    a,#1,kl_2
0120 116E              215             call    nastav_minut
                       216
0122 B40402            217     kl_2:   cjne    a,#4,kl_3
0125 117A              218             call    nastav_hodin
                       219
0127 B40302            220     kl_3:   cjne    a,#3,kl_4
012A 1186              221             call    nastav_min_budiku
                       222
012C B40602            223     kl_4:   cjne    a,#6,kl_5
012F 1192              224             call    nastav_hod_budiku
                       225
0131 B42002            226     kl_5:   cjne    a,#32,kl_6
0134 0100              227             jmp     zac     ;nulovani
                       228
0136 B41002            229     kl_6:   cjne    a,#16,kl_7
0139 0110              230             jmp     start
                       231
013B 80DD              232     kl_7:   jmp     klavesnice
                       233
                       234
                       235     ;
                       236     ;       ZPOMALENI
                       237     ;
013D DFFE              238     zp:     djnz    r7,$
013F DEFC              239             djnz    r6,$-2
0141 22                240             ret
                       241
                       242             end
ASSEMBLY COMPLETE, NO ERRORS FOUND, NO WARNINGS


SYMBOL TABLE:
??MCU_8051_IDE . . . . . . . . . . .  N  NUMB  8051H  NOT USED
??VERSION. . . . . . . . . . . . . .  N  NUMB  0147H  NOT USED
AC . . . . . . . . . . . . . . . . .  B  ADDR  00D6H  NOT USED
ACC. . . . . . . . . . . . . . . . .  D  ADDR  00E0H  NOT USED
ACSR . . . . . . . . . . . . . . . .  D  ADDR  0097H  NOT USED
ADCF . . . . . . . . . . . . . . . .  D  ADDR  00F6H  NOT USED
ADCLK. . . . . . . . . . . . . . . .  D  ADDR  00F2H  NOT USED
ADCON. . . . . . . . . . . . . . . .  D  ADDR  00F3H  NOT USED
ADDH . . . . . . . . . . . . . . . .  D  ADDR  00F5H  NOT USED
ADDL . . . . . . . . . . . . . . . .  D  ADDR  00F4H  NOT USED
AUXR . . . . . . . . . . . . . . . .  D  ADDR  008EH  NOT USED
AUXR1. . . . . . . . . . . . . . . .  D  ADDR  00A2H  NOT USED
B. . . . . . . . . . . . . . . . . .  D  ADDR  00F0H
BDRCON . . . . . . . . . . . . . . .  D  ADDR  009BH  NOT USED
BDRCON_1 . . . . . . . . . . . . . .  D  ADDR  009CH  NOT USED
BLIKANI. . . . . . . . . . . . . . .  C  ADDR  0054H
BRL. . . . . . . . . . . . . . . . .  D  ADDR  009AH  NOT USED
CCAP0H . . . . . . . . . . . . . . .  D  ADDR  00FAH  NOT USED
CCAP0L . . . . . . . . . . . . . . .  D  ADDR  00EAH  NOT USED
CCAP1H . . . . . . . . . . . . . . .  D  ADDR  00FBH  NOT USED
CCAP1L . . . . . . . . . . . . . . .  D  ADDR  00EBH  NOT USED
CCAP2H . . . . . . . . . . . . . . .  D  ADDR  00FCH  NOT USED
CCAP3H . . . . . . . . . . . . . . .  D  ADDR  00FDH  NOT USED
CCAP4H . . . . . . . . . . . . . . .  D  ADDR  00FEH  NOT USED
CCAPL2H. . . . . . . . . . . . . . .  D  ADDR  00FCH  NOT USED
CCAPL2L. . . . . . . . . . . . . . .  D  ADDR  00ECH  NOT USED
CCAPL3H. . . . . . . . . . . . . . .  D  ADDR  00FDH  NOT USED
CCAPL3L. . . . . . . . . . . . . . .  D  ADDR  00EDH  NOT USED
CCAPL4H. . . . . . . . . . . . . . .  D  ADDR  00FEH  NOT USED
CCAPL4L. . . . . . . . . . . . . . .  D  ADDR  00EEH  NOT USED
CCAPM0 . . . . . . . . . . . . . . .  D  ADDR  00DAH  NOT USED
CCAPM1 . . . . . . . . . . . . . . .  D  ADDR  00DBH  NOT USED
CCAPM2 . . . . . . . . . . . . . . .  D  ADDR  00DCH  NOT USED
CCAPM3 . . . . . . . . . . . . . . .  D  ADDR  00DDH  NOT USED
CCAPM4 . . . . . . . . . . . . . . .  D  ADDR  00DEH  NOT USED
CCF0 . . . . . . . . . . . . . . . .  B  ADDR  00D8H  NOT USED
CCF1 . . . . . . . . . . . . . . . .  B  ADDR  00D9H  NOT USED
CCF2 . . . . . . . . . . . . . . . .  B  ADDR  00DAH  NOT USED
CCF3 . . . . . . . . . . . . . . . .  B  ADDR  00DBH  NOT USED
CCF4 . . . . . . . . . . . . . . . .  B  ADDR  00DCH  NOT USED
CCON . . . . . . . . . . . . . . . .  D  ADDR  00D8H  NOT USED
CFINT. . . . . . . . . . . . . . . .  C  ADDR  0033H  NOT USED
CH . . . . . . . . . . . . . . . . .  D  ADDR  00F9H  NOT USED
CKCON. . . . . . . . . . . . . . . .  D  ADDR  008FH  NOT USED
CKCON0 . . . . . . . . . . . . . . .  D  ADDR  008FH  NOT USED
CKRL . . . . . . . . . . . . . . . .  D  ADDR  0097H  NOT USED
CKSEL. . . . . . . . . . . . . . . .  D  ADDR  0085H  NOT USED
CL . . . . . . . . . . . . . . . . .  D  ADDR  00E9H  NOT USED
CLKREG . . . . . . . . . . . . . . .  D  ADDR  008FH  NOT USED
CMOD . . . . . . . . . . . . . . . .  D  ADDR  00D9H  NOT USED
CPRL2. . . . . . . . . . . . . . . .  B  ADDR  00C8H  NOT USED
CR . . . . . . . . . . . . . . . . .  B  ADDR  00DEH  NOT USED
CT2. . . . . . . . . . . . . . . . .  B  ADDR  00C9H  NOT USED
CY . . . . . . . . . . . . . . . . .  B  ADDR  00D7H
DP0H . . . . . . . . . . . . . . . .  D  ADDR  0083H  NOT USED
DP0L . . . . . . . . . . . . . . . .  D  ADDR  0082H  NOT USED
DP1H . . . . . . . . . . . . . . . .  D  ADDR  0085H  NOT USED
DP1L . . . . . . . . . . . . . . . .  D  ADDR  0084H  NOT USED
DPH. . . . . . . . . . . . . . . . .  D  ADDR  0083H  NOT USED
DPL. . . . . . . . . . . . . . . . .  D  ADDR  0082H  NOT USED
EA . . . . . . . . . . . . . . . . .  B  ADDR  00AFH  NOT USED
EC . . . . . . . . . . . . . . . . .  B  ADDR  00AEH  NOT USED
EECON. . . . . . . . . . . . . . . .  D  ADDR  0096H  NOT USED
ES . . . . . . . . . . . . . . . . .  B  ADDR  00ACH  NOT USED
ET0. . . . . . . . . . . . . . . . .  B  ADDR  00A9H  NOT USED
ET1. . . . . . . . . . . . . . . . .  B  ADDR  00ABH  NOT USED
ET2. . . . . . . . . . . . . . . . .  B  ADDR  00ADH  NOT USED
EX0. . . . . . . . . . . . . . . . .  B  ADDR  00A8H  NOT USED
EX1. . . . . . . . . . . . . . . . .  B  ADDR  00AAH  NOT USED
EXEN2. . . . . . . . . . . . . . . .  B  ADDR  00CBH  NOT USED
EXF2 . . . . . . . . . . . . . . . .  B  ADDR  00CEH  NOT USED
EXTI0. . . . . . . . . . . . . . . .  C  ADDR  0003H  NOT USED
EXTI1. . . . . . . . . . . . . . . .  C  ADDR  0013H  NOT USED
F0 . . . . . . . . . . . . . . . . .  B  ADDR  00D5H  NOT USED
FE . . . . . . . . . . . . . . . . .  B  ADDR  009FH  NOT USED
IE . . . . . . . . . . . . . . . . .  D  ADDR  00A8H  NOT USED
IE0. . . . . . . . . . . . . . . . .  B  ADDR  0089H  NOT USED
IE1. . . . . . . . . . . . . . . . .  B  ADDR  008BH  NOT USED
INT0 . . . . . . . . . . . . . . . .  B  ADDR  00B2H  NOT USED
INT1 . . . . . . . . . . . . . . . .  B  ADDR  00B3H  NOT USED
IP . . . . . . . . . . . . . . . . .  D  ADDR  00B8H  NOT USED
IPH. . . . . . . . . . . . . . . . .  D  ADDR  00B7H  NOT USED
IPH0 . . . . . . . . . . . . . . . .  D  ADDR  00B7H  NOT USED
IPH1 . . . . . . . . . . . . . . . .  D  ADDR  00B3H  NOT USED
IPL0 . . . . . . . . . . . . . . . .  D  ADDR  00B8H  NOT USED
IPL1 . . . . . . . . . . . . . . . .  D  ADDR  00B2H  NOT USED
IT0. . . . . . . . . . . . . . . . .  B  ADDR  0088H  NOT USED
IT1. . . . . . . . . . . . . . . . .  B  ADDR  008AH  NOT USED
KBE. . . . . . . . . . . . . . . . .  D  ADDR  009DH  NOT USED
KBF. . . . . . . . . . . . . . . . .  D  ADDR  009EH  NOT USED
KBLS . . . . . . . . . . . . . . . .  D  ADDR  009CH  NOT USED
KLAVESNICE . . . . . . . . . . . . .  C  ADDR  011AH
KL_2 . . . . . . . . . . . . . . . .  C  ADDR  0122H
KL_3 . . . . . . . . . . . . . . . .  C  ADDR  0127H
KL_4 . . . . . . . . . . . . . . . .  C  ADDR  012CH
KL_5 . . . . . . . . . . . . . . . .  C  ADDR  0131H
KL_6 . . . . . . . . . . . . . . . .  C  ADDR  0136H
KL_7 . . . . . . . . . . . . . . . .  C  ADDR  013BH
NASTAV_HODIN . . . . . . . . . . . .  C  ADDR  007AH
NASTAV_HOD_BUDIKU. . . . . . . . . .  C  ADDR  0092H
NASTAV_MINUT . . . . . . . . . . . .  C  ADDR  006EH
NASTAV_MIN_BUDIKU. . . . . . . . . .  C  ADDR  0086H
NAS_1. . . . . . . . . . . . . . . .  C  ADDR  0077H
NAS_2. . . . . . . . . . . . . . . .  C  ADDR  0083H
NAS_3. . . . . . . . . . . . . . . .  C  ADDR  008FH
NAS_4. . . . . . . . . . . . . . . .  C  ADDR  009BH
OSCCON . . . . . . . . . . . . . . .  D  ADDR  0086H  NOT USED
OV . . . . . . . . . . . . . . . . .  B  ADDR  00D2H  NOT USED
P. . . . . . . . . . . . . . . . . .  B  ADDR  00D0H  NOT USED
P0 . . . . . . . . . . . . . . . . .  D  ADDR  0080H  NOT USED
P1 . . . . . . . . . . . . . . . . .  D  ADDR  0090H
P1M1 . . . . . . . . . . . . . . . .  D  ADDR  00D4H  NOT USED
P1M2 . . . . . . . . . . . . . . . .  D  ADDR  00E2H  NOT USED
P2 . . . . . . . . . . . . . . . . .  D  ADDR  00A0H  NOT USED
P3 . . . . . . . . . . . . . . . . .  D  ADDR  00B0H
P3M1 . . . . . . . . . . . . . . . .  D  ADDR  00D5H  NOT USED
P3M2 . . . . . . . . . . . . . . . .  D  ADDR  00E3H  NOT USED
P4 . . . . . . . . . . . . . . . . .  D  ADDR  00C0H  NOT USED
P4M1 . . . . . . . . . . . . . . . .  D  ADDR  00D6H  NOT USED
P4M2 . . . . . . . . . . . . . . . .  D  ADDR  00E4H  NOT USED
P5 . . . . . . . . . . . . . . . . .  D  ADDR  00E8H  NOT USED
PC . . . . . . . . . . . . . . . . .  B  ADDR  00BEH  NOT USED
PCON . . . . . . . . . . . . . . . .  D  ADDR  0087H  NOT USED
PPCL . . . . . . . . . . . . . . . .  B  ADDR  00BEH  NOT USED
PS . . . . . . . . . . . . . . . . .  B  ADDR  00BCH  NOT USED
PSL. . . . . . . . . . . . . . . . .  B  ADDR  00BCH  NOT USED
PSW. . . . . . . . . . . . . . . . .  D  ADDR  00D0H  NOT USED
PT0. . . . . . . . . . . . . . . . .  B  ADDR  00B9H  NOT USED
PT0L . . . . . . . . . . . . . . . .  B  ADDR  00B9H  NOT USED
PT1. . . . . . . . . . . . . . . . .  B  ADDR  00BBH  NOT USED
PT1L . . . . . . . . . . . . . . . .  B  ADDR  00BBH  NOT USED
PT2. . . . . . . . . . . . . . . . .  B  ADDR  00BDH  NOT USED
PT2L . . . . . . . . . . . . . . . .  B  ADDR  00BDH  NOT USED
PX0. . . . . . . . . . . . . . . . .  B  ADDR  00B8H  NOT USED
PX0L . . . . . . . . . . . . . . . .  B  ADDR  00B8H  NOT USED
PX1. . . . . . . . . . . . . . . . .  B  ADDR  00BAH  NOT USED
PX1L . . . . . . . . . . . . . . . .  B  ADDR  00BAH  NOT USED
RB8. . . . . . . . . . . . . . . . .  B  ADDR  009AH  NOT USED
RCAP2H . . . . . . . . . . . . . . .  D  ADDR  00CBH  NOT USED
RCAP2L . . . . . . . . . . . . . . .  D  ADDR  00CAH  NOT USED
RCLK . . . . . . . . . . . . . . . .  B  ADDR  00CDH  NOT USED
RD . . . . . . . . . . . . . . . . .  B  ADDR  00B7H  NOT USED
REN. . . . . . . . . . . . . . . . .  B  ADDR  009CH  NOT USED
RESET. . . . . . . . . . . . . . . .  C  ADDR  0000H  NOT USED
RI . . . . . . . . . . . . . . . . .  B  ADDR  0098H  NOT USED
RS0. . . . . . . . . . . . . . . . .  B  ADDR  00D3H  NOT USED
RS1. . . . . . . . . . . . . . . . .  B  ADDR  00D4H  NOT USED
RXD. . . . . . . . . . . . . . . . .  B  ADDR  00B0H  NOT USED
SADDR. . . . . . . . . . . . . . . .  D  ADDR  00A9H  NOT USED
SADDR_0. . . . . . . . . . . . . . .  D  ADDR  00A9H  NOT USED
SADDR_1. . . . . . . . . . . . . . .  D  ADDR  00AAH  NOT USED
SADEN. . . . . . . . . . . . . . . .  D  ADDR  00B9H  NOT USED
SADEN_0. . . . . . . . . . . . . . .  D  ADDR  00B9H  NOT USED
SADEN_1. . . . . . . . . . . . . . .  D  ADDR  00BAH  NOT USED
SBUF . . . . . . . . . . . . . . . .  D  ADDR  0099H  NOT USED
SCON . . . . . . . . . . . . . . . .  D  ADDR  0098H  NOT USED
SINT . . . . . . . . . . . . . . . .  C  ADDR  0023H  NOT USED
SM0. . . . . . . . . . . . . . . . .  B  ADDR  009FH  NOT USED
SM1. . . . . . . . . . . . . . . . .  B  ADDR  009EH  NOT USED
SM2. . . . . . . . . . . . . . . . .  B  ADDR  009DH  NOT USED
SP . . . . . . . . . . . . . . . . .  D  ADDR  0081H  NOT USED
SPCON. . . . . . . . . . . . . . . .  D  ADDR  00C3H  NOT USED
SPCR . . . . . . . . . . . . . . . .  D  ADDR  00D5H  NOT USED
SPDAT. . . . . . . . . . . . . . . .  D  ADDR  00C5H  NOT USED
SPDR . . . . . . . . . . . . . . . .  D  ADDR  0086H  NOT USED
SPSR . . . . . . . . . . . . . . . .  D  ADDR  00AAH  NOT USED
SPSTA. . . . . . . . . . . . . . . .  D  ADDR  00C4H  NOT USED
START. . . . . . . . . . . . . . . .  C  ADDR  0010H
START_1. . . . . . . . . . . . . . .  C  ADDR  0019H
START_2. . . . . . . . . . . . . . .  C  ADDR  0028H
START_BUD_1. . . . . . . . . . . . .  C  ADDR  001CH  NOT USED
START_BUD_2. . . . . . . . . . . . .  C  ADDR  0022H
T0 . . . . . . . . . . . . . . . . .  B  ADDR  00B4H  NOT USED
T1 . . . . . . . . . . . . . . . . .  B  ADDR  00B5H  NOT USED
T2CON. . . . . . . . . . . . . . . .  D  ADDR  00C8H  NOT USED
T2MOD. . . . . . . . . . . . . . . .  D  ADDR  00C9H  NOT USED
TB8. . . . . . . . . . . . . . . . .  B  ADDR  009BH  NOT USED
TCLK . . . . . . . . . . . . . . . .  B  ADDR  00CCH  NOT USED
TCON . . . . . . . . . . . . . . . .  D  ADDR  0088H  NOT USED
TF0. . . . . . . . . . . . . . . . .  B  ADDR  008DH  NOT USED
TF1. . . . . . . . . . . . . . . . .  B  ADDR  008FH  NOT USED
TF2. . . . . . . . . . . . . . . . .  B  ADDR  00CFH  NOT USED
TH0. . . . . . . . . . . . . . . . .  D  ADDR  008CH  NOT USED
TH1. . . . . . . . . . . . . . . . .  D  ADDR  008DH  NOT USED
TH2. . . . . . . . . . . . . . . . .  D  ADDR  00CDH  NOT USED
TI . . . . . . . . . . . . . . . . .  B  ADDR  0099H  NOT USED
TIMER0 . . . . . . . . . . . . . . .  C  ADDR  000BH  NOT USED
TIMER1 . . . . . . . . . . . . . . .  C  ADDR  001BH  NOT USED
TIMER2 . . . . . . . . . . . . . . .  C  ADDR  002BH  NOT USED
TL0. . . . . . . . . . . . . . . . .  D  ADDR  008AH  NOT USED
TL1. . . . . . . . . . . . . . . . .  D  ADDR  008BH  NOT USED
TL2. . . . . . . . . . . . . . . . .  D  ADDR  00CCH  NOT USED
TMOD . . . . . . . . . . . . . . . .  D  ADDR  0089H  NOT USED
TR0. . . . . . . . . . . . . . . . .  B  ADDR  008CH  NOT USED
TR1. . . . . . . . . . . . . . . . .  B  ADDR  008EH  NOT USED
TR2. . . . . . . . . . . . . . . . .  B  ADDR  00CAH  NOT USED
TXD. . . . . . . . . . . . . . . . .  B  ADDR  00B1H  NOT USED
VYPOCET. . . . . . . . . . . . . . .  C  ADDR  0042H
WDTCON . . . . . . . . . . . . . . .  D  ADDR  00A7H  NOT USED
WDTPRG . . . . . . . . . . . . . . .  D  ADDR  00A7H  NOT USED
WDTRST . . . . . . . . . . . . . . .  D  ADDR  00A6H  NOT USED
WR . . . . . . . . . . . . . . . . .  B  ADDR  00B6H  NOT USED
ZAC. . . . . . . . . . . . . . . . .  C  ADDR  0000H
ZOBRAT_MIN_SEK . . . . . . . . . . .  C  ADDR  00DBH
ZOBRAZ . . . . . . . . . . . . . . .  C  ADDR  00FAH
ZOBRAZ_BUDIK . . . . . . . . . . . .  C  ADDR  009EH
ZOBRAZ_BUDIK_PR. . . . . . . . . . .  C  ADDR  00BDH
ZP . . . . . . . . . . . . . . . . .  C  ADDR  013DH